Build started 11/30/2017 6:11:01 PM.
     1>Project "C:\Users\yakir.giladi\documents\visual studio 2010\Projects\KmeansPPP\KmeansPPP\KmeansPPP.vcxproj" on node 2 (build target(s)).
     1>InitializeBuildStatus:
         Creating "x64\Debug\KmeansPPP.unsuccessfulbuild" because "AlwaysCreate" was specified.
       AddCudaCompileDeps:
       Skipping target "AddCudaCompileDeps" because all output files are up-to-date with respect to the input files.
       AddCudaCompilePropsDeps:
       Skipping target "AddCudaCompilePropsDeps" because all output files are up-to-date with respect to the input files.
     1>Project "C:\Users\yakir.giladi\documents\visual studio 2010\Projects\KmeansPPP\KmeansPPP\KmeansPPP.vcxproj" (1) is building "C:\Users\yakir.giladi\documents\visual studio 2010\Projects\KmeansPPP\KmeansPPP\KmeansPPP.vcxproj" (1:2) on node 2 (CudaBuildCore target(s)).
     1>CudaBuildCore:
       Skipping target "CudaBuildCore" because all output files are up-to-date with respect to the input files.
     1>Done Building Project "C:\Users\yakir.giladi\documents\visual studio 2010\Projects\KmeansPPP\KmeansPPP\KmeansPPP.vcxproj" (CudaBuildCore target(s)).
     1>ClCompile:
         C:\Program Files (x86)\Microsoft Visual Studio 10.0\VC\bin\x86_amd64\CL.exe /c /I"C:\Program Files\NVIDIA GPU Computing Toolkit\CUDA\v9.0\include" /Zi /nologo /W3 /WX- /Od /D WIN32 /D WIN64 /D _DEBUG /D _CONSOLE /D _MBCS /Gm /EHsc /RTC1 /MDd /GS /fp:precise /Zc:wchar_t /Zc:forScope /openmp /Fo"x64\Debug\\" /Fd"x64\Debug\vc100.pdb" /Gd /TP /errorReport:prompt main_functions.cpp
         main_functions.cpp
     1>main_functions.cpp(150): warning C4172: returning address of local variable or temporary
     1>main_functions.cpp(262): warning C4244: '=' : conversion from 'double' to 'float', possible loss of data
     1>main_functions.cpp(295): warning C4244: '=' : conversion from 'double' to 'float', possible loss of data
     1>main_functions.cpp(306): warning C4244: '=' : conversion from 'double' to 'float', possible loss of data
     1>main_functions.cpp(417): warning C4244: '=' : conversion from 'double' to 'float', possible loss of data
     1>main_functions.cpp(429): warning C4244: '=' : conversion from 'double' to 'float', possible loss of data
     1>main_functions.cpp(548): warning C4244: 'initializing' : conversion from 'double' to 'float', possible loss of data
     1>main_functions.cpp(549): warning C4244: 'initializing' : conversion from 'double' to 'float', possible loss of data
       ManifestResourceCompile:
         All outputs are up-to-date.
       Link:
         C:\Program Files (x86)\Microsoft Visual Studio 10.0\VC\bin\x86_amd64\link.exe /ERRORREPORT:PROMPT /OUT:"C:\Users\yakir.giladi\documents\visual studio 2010\Projects\KmeansPPP\x64\Debug\KmeansPPP.exe" /INCREMENTAL /NOLOGO /LIBPATH:"C:\Program Files\NVIDIA GPU Computing Toolkit\CUDA\v9.0\lib\x64" cudart.lib kernel32.lib user32.lib gdi32.lib winspool.lib comdlg32.lib advapi32.lib shell32.lib ole32.lib oleaut32.lib uuid.lib odbc32.lib odbccp32.lib kernel32.lib user32.lib gdi32.lib winspool.lib comdlg32.lib advapi32.lib shell32.lib ole32.lib oleaut32.lib uuid.lib odbc32.lib odbccp32.lib /MANIFEST /ManifestFile:"x64\Debug\KmeansPPP.exe.intermediate.manifest" /MANIFESTUAC:"level='asInvoker' uiAccess='false'" /DEBUG /PDB:"C:\Users\yakir.giladi\documents\visual studio 2010\Projects\KmeansPPP\x64\Debug\KmeansPPP.pdb" /SUBSYSTEM:CONSOLE /TLBID:1 /DYNAMICBASE /NXCOMPAT /IMPLIB:"C:\Users\yakir.giladi\documents\visual studio 2010\Projects\KmeansPPP\x64\Debug\KmeansPPP.lib" /MACHINE:X64 x64\Debug\kernel.cu.obj
         x64\Debug\KmeansPPP.exe.embed.manifest.res
         x64\Debug\main_functions.obj
         KmeansPPP.vcxproj -> C:\Users\yakir.giladi\documents\visual studio 2010\Projects\KmeansPPP\x64\Debug\KmeansPPP.exe
       Manifest:
         C:\Program Files (x86)\Microsoft SDKs\Windows\v7.0A\bin\mt.exe /nologo /verbose /out:"x64\Debug\KmeansPPP.exe.embed.manifest" /manifest x64\Debug\KmeansPPP.exe.intermediate.manifest
         All outputs are up-to-date.
       LinkEmbedManifest:
         All outputs are up-to-date.
         KmeansPPP.vcxproj -> C:\Users\yakir.giladi\documents\visual studio 2010\Projects\KmeansPPP\x64\Debug\KmeansPPP.exe
       PostBuildEvent:
         echo copy "C:\Program Files\NVIDIA GPU Computing Toolkit\CUDA\v9.0\bin\cudart*.dll" "C:\Users\yakir.giladi\documents\visual studio 2010\Projects\KmeansPPP\x64\Debug\"
         copy "C:\Program Files\NVIDIA GPU Computing Toolkit\CUDA\v9.0\bin\cudart*.dll" "C:\Users\yakir.giladi\documents\visual studio 2010\Projects\KmeansPPP\x64\Debug\"
         :VCEnd
         copy "C:\Program Files\NVIDIA GPU Computing Toolkit\CUDA\v9.0\bin\cudart*.dll" "C:\Users\yakir.giladi\documents\visual studio 2010\Projects\KmeansPPP\x64\Debug\"
         C:\Program Files\NVIDIA GPU Computing Toolkit\CUDA\v9.0\bin\cudart32_90.dll
         C:\Program Files\NVIDIA GPU Computing Toolkit\CUDA\v9.0\bin\cudart64_90.dll
                 2 file(s) copied.
       FinalizeBuildStatus:
         Deleting file "x64\Debug\KmeansPPP.unsuccessfulbuild".
         Touching "x64\Debug\KmeansPPP.lastbuildstate".
     1>Done Building Project "C:\Users\yakir.giladi\documents\visual studio 2010\Projects\KmeansPPP\KmeansPPP\KmeansPPP.vcxproj" (build target(s)).

Build succeeded.

Time Elapsed 00:00:00.62
